<?xml version="1.0" encoding="UTF-8"?>
<!-- Generated by org.testng.reporters.JUnitReportReporter -->
<testsuite hostname="DESKTOP-CTIKU59" failures="0" tests="2" name="BasicOfTestng" time="16.672" errors="0" timestamp="2024-08-18T00:44:37 IST" skipped="0">
  <testcase classname="BasicOfTestng" name="Example2" time="10.837"/>
  <testcase classname="BasicOfTestng" name="TestExample2" time="5.835"/>
</testsuite> <!-- BasicOfTestng -->
