<?xml version="1.0" encoding="UTF-8"?>
<!-- Generated by org.testng.reporters.JUnitReportReporter -->
<testsuite hostname="DESKTOP-CTIKU59" failures="0" tests="1" name="HardAssertExample" time="3.302" errors="0" timestamp="2024-08-18T00:44:37 IST" skipped="0">
  <testcase classname="HardAssertExample" name="VerifyLoginUser" time="3.302"/>
</testsuite> <!-- HardAssertExample -->
